[10:08:18] [Server thread/INFO]: Starting minecraft server version 1.8.8
[10:08:18] [Server thread/INFO]: Loading properties
[10:08:22] [Server thread/INFO]: Default game type: SURVIVAL
[10:08:22] [Server thread/INFO]: This server is running CraftBukkit version git-Spigot-21fe707-741a1bd (MC: 1.8.8) (Implementing API version 1.8.8-R0.1-SNAPSHOT)
[10:08:22] [Server thread/INFO]: Debug logging is disabled
[10:08:22] [Server thread/INFO]: Server Ping Player Sample Count: 12

[10:08:22] [Server thread/INFO]: Using 4 threads for Netty based IO
[10:08:22] [Server thread/INFO]: Generating keypair
[10:08:22] [Server thread/INFO]: Starting Minecraft server on *:25565
[10:08:22] [Server thread/INFO]: Using default channel type
[10:08:23] [Server thread/INFO]: Your platform does not provide complete low-level API for accessing direct buffers reliably. Unless explicitly requested, heap buffer will always be preferred to avoid potential system unstability.
[10:08:23] [Server thread/INFO]: Set PluginClassLoader as parallel capable
[10:08:23] [Server thread/INFO]: [ClearLag] Loading ClearLag v3.2.2
[10:08:23] [Server thread/INFO]: [AuthMe] Loading AuthMe v5.6.0-SNAPSHOT-bCUSTOM
[10:08:23] [Server thread/WARN]: **** SERVER IS RUNNING IN OFFLINE/INSECURE MODE!
[10:08:23] [Server thread/WARN]: The server will make no attempt to authenticate usernames. Beware.
[10:08:23] [Server thread/WARN]: Whilst this makes it possible to use BungeeCord, unless access to your server is properly restricted, it also opens up the ability for hackers to connect with any username they choose.
[10:08:23] [Server thread/WARN]: Please see http://www.spigotmc.org/wiki/firewall-guide/ for further information.
[10:08:23] [Server thread/WARN]: To change this, set "online-mode" to "true" in the server.properties file.
[10:08:23] [Server thread/INFO]: **** Beginning UUID conversion, this may take A LONG time ****
[10:08:23] [Server thread/INFO]: Preparing level "world"
[10:08:23] [Server thread/INFO]: -------- World Settings For [world] --------
[10:08:23] [Server thread/INFO]: Item Merge Radius: 2.5
[10:08:23] [Server thread/INFO]: Item Despawn Rate: 6000
[10:08:23] [Server thread/INFO]: Allow Zombie Pigmen to spawn from portal blocks: true
[10:08:23] [Server thread/INFO]: Arrow Despawn Rate: 1200
[10:08:23] [Server thread/INFO]: Zombie Aggressive Towards Villager: true
[10:08:23] [Server thread/INFO]: View Distance: 10
[10:08:23] [Server thread/INFO]: Chunks to Grow per Tick: 650
[10:08:23] [Server thread/INFO]: Clear tick list: false
[10:08:23] [Server thread/INFO]: Experience Merge Radius: 3.0
[10:08:23] [Server thread/INFO]: Mob Spawn Range: 4
[10:08:23] [Server thread/INFO]: Nerfing mobs spawned from spawners: false
[10:08:23] [Server thread/INFO]: Anti X-Ray: true
[10:08:23] [Server thread/INFO]: 	Engine Mode: 1
[10:08:23] [Server thread/INFO]: 	Hidden Blocks: [14, 15, 16, 21, 48, 49, 54, 56, 73, 74, 82, 129, 130]
[10:08:23] [Server thread/INFO]: 	Replace Blocks: [1, 5]
[10:08:23] [Server thread/INFO]: Cactus Growth Modifier: 100%
[10:08:23] [Server thread/INFO]: Cane Growth Modifier: 100%
[10:08:23] [Server thread/INFO]: Melon Growth Modifier: 100%
[10:08:23] [Server thread/INFO]: Mushroom Growth Modifier: 100%
[10:08:23] [Server thread/INFO]: Pumpkin Growth Modifier: 100%
[10:08:23] [Server thread/INFO]: Sapling Growth Modifier: 100%
[10:08:23] [Server thread/INFO]: Wheat Growth Modifier: 100%
[10:08:23] [Server thread/INFO]: NetherWart Growth Modifier: 100%
[10:08:23] [Server thread/INFO]: Entity Activation Range: An 32 / Mo 32 / Mi 16
[10:08:23] [Server thread/INFO]: Hopper Transfer: 8 Hopper Check: 8 Hopper Amount: 1
[10:08:23] [Server thread/INFO]: Entity Tracking Range: Pl 48 / An 48 / Mo 48 / Mi 32 / Other 64
[10:08:23] [Server thread/INFO]: Random Lighting Updates: false
[10:08:23] [Server thread/INFO]: Custom Map Seeds:  Village: 10387312 Feature: 14357617
[10:08:23] [Server thread/INFO]: Structure Info Saving: true
[10:08:23] [Server thread/INFO]: Sending up to 10 chunks per packet
[10:08:23] [Server thread/INFO]: Max Entity Collisions: 8
[10:08:23] [Server thread/INFO]: Max TNT Explosions: 100
[10:08:23] [Server thread/INFO]: Tile Max Tick Time: 50ms Entity max Tick Time: 50ms
[10:08:23] [Server thread/INFO]: -------- World Settings For [world_nether] --------
[10:08:23] [Server thread/INFO]: Item Merge Radius: 2.5
[10:08:23] [Server thread/INFO]: Item Despawn Rate: 6000
[10:08:23] [Server thread/INFO]: Allow Zombie Pigmen to spawn from portal blocks: true
[10:08:23] [Server thread/INFO]: Arrow Despawn Rate: 1200
[10:08:23] [Server thread/INFO]: Zombie Aggressive Towards Villager: true
[10:08:23] [Server thread/INFO]: View Distance: 10
[10:08:23] [Server thread/INFO]: Chunks to Grow per Tick: 650
[10:08:23] [Server thread/INFO]: Clear tick list: false
[10:08:23] [Server thread/INFO]: Experience Merge Radius: 3.0
[10:08:23] [Server thread/INFO]: Mob Spawn Range: 4
[10:08:23] [Server thread/INFO]: Nerfing mobs spawned from spawners: false
[10:08:23] [Server thread/INFO]: Anti X-Ray: true
[10:08:23] [Server thread/INFO]: 	Engine Mode: 1
[10:08:23] [Server thread/INFO]: 	Hidden Blocks: [14, 15, 16, 21, 48, 49, 54, 56, 73, 74, 82, 129, 130]
[10:08:23] [Server thread/INFO]: 	Replace Blocks: [1, 5]
[10:08:23] [Server thread/INFO]: Cactus Growth Modifier: 100%
[10:08:23] [Server thread/INFO]: Cane Growth Modifier: 100%
[10:08:23] [Server thread/INFO]: Melon Growth Modifier: 100%
[10:08:23] [Server thread/INFO]: Mushroom Growth Modifier: 100%
[10:08:23] [Server thread/INFO]: Pumpkin Growth Modifier: 100%
[10:08:23] [Server thread/INFO]: Sapling Growth Modifier: 100%
[10:08:23] [Server thread/INFO]: Wheat Growth Modifier: 100%
[10:08:23] [Server thread/INFO]: NetherWart Growth Modifier: 100%
[10:08:23] [Server thread/INFO]: Entity Activation Range: An 32 / Mo 32 / Mi 16
[10:08:23] [Server thread/INFO]: Hopper Transfer: 8 Hopper Check: 8 Hopper Amount: 1
[10:08:23] [Server thread/INFO]: Entity Tracking Range: Pl 48 / An 48 / Mo 48 / Mi 32 / Other 64
[10:08:23] [Server thread/INFO]: Random Lighting Updates: false
[10:08:23] [Server thread/INFO]: Custom Map Seeds:  Village: 10387312 Feature: 14357617
[10:08:23] [Server thread/INFO]: Structure Info Saving: true
[10:08:23] [Server thread/INFO]: Sending up to 10 chunks per packet
[10:08:23] [Server thread/INFO]: Max Entity Collisions: 8
[10:08:23] [Server thread/INFO]: Max TNT Explosions: 100
[10:08:23] [Server thread/INFO]: Tile Max Tick Time: 50ms Entity max Tick Time: 50ms
[10:08:23] [Server thread/INFO]: -------- World Settings For [world_the_end] --------
[10:08:23] [Server thread/INFO]: Item Merge Radius: 2.5
[10:08:23] [Server thread/INFO]: Item Despawn Rate: 6000
[10:08:23] [Server thread/INFO]: Allow Zombie Pigmen to spawn from portal blocks: true
[10:08:23] [Server thread/INFO]: Arrow Despawn Rate: 1200
[10:08:23] [Server thread/INFO]: Zombie Aggressive Towards Villager: true
[10:08:23] [Server thread/INFO]: View Distance: 10
[10:08:23] [Server thread/INFO]: Chunks to Grow per Tick: 650
[10:08:23] [Server thread/INFO]: Clear tick list: false
[10:08:23] [Server thread/INFO]: Experience Merge Radius: 3.0
[10:08:23] [Server thread/INFO]: Mob Spawn Range: 4
[10:08:23] [Server thread/INFO]: Nerfing mobs spawned from spawners: false
[10:08:23] [Server thread/INFO]: Anti X-Ray: true
[10:08:23] [Server thread/INFO]: 	Engine Mode: 1
[10:08:23] [Server thread/INFO]: 	Hidden Blocks: [14, 15, 16, 21, 48, 49, 54, 56, 73, 74, 82, 129, 130]
[10:08:23] [Server thread/INFO]: 	Replace Blocks: [1, 5]
[10:08:23] [Server thread/INFO]: Cactus Growth Modifier: 100%
[10:08:23] [Server thread/INFO]: Cane Growth Modifier: 100%
[10:08:23] [Server thread/INFO]: Melon Growth Modifier: 100%
[10:08:23] [Server thread/INFO]: Mushroom Growth Modifier: 100%
[10:08:23] [Server thread/INFO]: Pumpkin Growth Modifier: 100%
[10:08:23] [Server thread/INFO]: Sapling Growth Modifier: 100%
[10:08:23] [Server thread/INFO]: Wheat Growth Modifier: 100%
[10:08:23] [Server thread/INFO]: NetherWart Growth Modifier: 100%
[10:08:23] [Server thread/INFO]: Entity Activation Range: An 32 / Mo 32 / Mi 16
[10:08:23] [Server thread/INFO]: Hopper Transfer: 8 Hopper Check: 8 Hopper Amount: 1
[10:08:23] [Server thread/INFO]: Entity Tracking Range: Pl 48 / An 48 / Mo 48 / Mi 32 / Other 64
[10:08:23] [Server thread/INFO]: Random Lighting Updates: false
[10:08:23] [Server thread/INFO]: Custom Map Seeds:  Village: 10387312 Feature: 14357617
[10:08:23] [Server thread/INFO]: Structure Info Saving: true
[10:08:23] [Server thread/INFO]: Sending up to 10 chunks per packet
[10:08:23] [Server thread/INFO]: Max Entity Collisions: 8
[10:08:23] [Server thread/INFO]: Max TNT Explosions: 100
[10:08:23] [Server thread/INFO]: Tile Max Tick Time: 50ms Entity max Tick Time: 50ms
[10:08:23] [Server thread/INFO]: Preparing start region for level 0 (Seed: 5474023871924385056)
[10:08:24] [Server thread/INFO]: Preparing spawn area: 8%
[10:08:25] [Server thread/INFO]: Preparing spawn area: 73%
[10:08:26] [Server thread/INFO]: Preparing start region for level 1 (Seed: 5474023871924385056)
[10:08:27] [Server thread/INFO]: Preparing spawn area: 64%
[10:08:27] [Server thread/INFO]: Preparing start region for level 2 (Seed: 5474023871924385056)
[10:08:27] [Server thread/INFO]: [ClearLag] Enabling ClearLag v3.2.2
[10:08:27] [Server thread/INFO]: [ClearLag] Using version-adapter: LegacyVersionAdapter
[10:08:28] [Server thread/INFO]: [ClearLag] Loading modules...
[10:08:28] [Server thread/INFO]: [ClearLag] Modules enabed, loading config values
[10:08:28] [Server thread/INFO]: [ClearLag] Modules have been loaded!
[10:08:28] [Server thread/INFO]: [ClearLag] Clearlag is now enabled!
[10:08:28] [Thread-5/INFO]: [ClearLag] Checking for updates compatible with your bukkit version [1.8]...
[10:08:28] [Server thread/INFO]: [AuthMe] Enabling AuthMe v5.6.0-SNAPSHOT-bCUSTOM
[10:08:28] [Thread-5/INFO]: [ClearLag] No updates found!
[10:08:28] [Server thread/INFO]: [AuthMe] SQLite Setup finished
[10:08:29] [Server thread/INFO]: [AuthMe] No supported permissions system found! Permissions are disabled!
[10:08:29] [Server thread/WARN]: [AuthMe] WARNING! The protectInventory feature requires ProtocolLib! Disabling it...
[10:08:29] [Server thread/WARN]: [AuthMe] Note: Hooks.bungeecord is set to false but your server appears to be running in bungeecord mode (see your spigot.yml). In order to allow the datasource caching and the AuthMeBungee add-on to work properly you have to enable this option!
[10:08:29] [Server thread/INFO]: [AuthMe] AuthMe 5.6.0-SNAPSHOT build n.CUSTOM successfully enabled!
[10:08:29] [Server thread/INFO]: Server permissions file permissions.yml is empty, ignoring it
[10:08:29] [Server thread/INFO]: Done (5.907s)! For help, type "help" or "?"
[10:08:29] [Craft Scheduler Thread - 1/INFO]: [AuthMe] Downloading GEO IP database, because the old database is older than 30 days or doesn't exist
[10:08:29] [Craft Scheduler Thread - 1/WARN]: [AuthMe] No MaxMind credentials found in the configuration file! GeoIp protections will be disabled.
[10:08:29] [Craft Scheduler Thread - 1/INFO]: [AuthMe] There is no newer GEO IP database uploaded to MaxMind. Using the old one for now.
[10:08:29] [Craft Scheduler Thread - 1/WARN]: [AuthMe] Could not download GeoLiteAPI database [FileNotFoundException]: plugins\AuthMe\GeoLite2-Country.mmdb (The system cannot find the file specified)
[10:14:18] [Thread-6/INFO]: UUID of player Fire_Lord is d49dc793-50b3-3480-bd3a-2c859d67a110
[10:14:22] [Server thread/INFO]: Fire_Lord[/[0:0:0:0:0:0:0:1]:51343] logged in with entity id 136 at ([world]-14.5, 66.0, 228.5)
[10:14:23] [Server thread/INFO]: Fire_Lord lost connection: Disconnected
[10:14:24] [Server thread/INFO]: Fire_Lord left the game.
[10:14:29] [Thread-7/INFO]: UUID of player Lord_Fire is 142e13a3-5ed9-3e16-b489-325089409cb5
[10:14:30] [Server thread/INFO]: Lord_Fire[/[0:0:0:0:0:0:0:1]:51363] logged in with entity id 174 at ([world]-91.70636532780135, 81.48937764719741, 243.36515467400088)
[10:14:45] [Craft Scheduler Thread - 2/INFO]: [AuthMe] Lord_Fire used the wrong password
[10:14:45] [Server thread/INFO]: Lord_Fire lost connection: §cWrong password!
[10:14:45] [Server thread/INFO]: Lord_Fire left the game.
[10:14:46] [Server thread/WARN]: handleDisconnection() called twice
[10:14:50] [Thread-8/INFO]: UUID of player Lord_Fire is 142e13a3-5ed9-3e16-b489-325089409cb5
[10:14:50] [Server thread/INFO]: Lord_Fire[/[0:0:0:0:0:0:0:1]:51373] logged in with entity id 453 at ([world]-91.70636532780135, 76.0, 243.36515467400088)
[10:15:17] [Craft Scheduler Thread - 3/INFO]: [AuthMe] The user Lord_Fire has 3 accounts:
[10:15:17] [Craft Scheduler Thread - 3/INFO]: [AuthMe] §7lord_funion, §aLord_Fire§7, big_mirror12.
[10:15:17] [Craft Scheduler Thread - 3/INFO]: [AuthMe] Lord_Fire logged in 0:0:0:0:0:0:0:1
[10:20:00] [Server thread/INFO]: Lord_Fire issued server command: /set spawn point
[10:20:19] [Server thread/INFO]: Lord_Fire issued server command: /spawnpoint
[10:20:19] [Server thread/INFO]: [Lord_Fire: Set Lord_Fire's spawn point to (-24, 68, 354)]
[10:26:10] [Server thread/INFO]: Lord_Fire issued server command: /tp lord_funion
[10:26:11] [Server thread/INFO]: [Lord_Fire: The entity UUID provided is in an invalid format]
[10:26:38] [Server thread/INFO]: Lord_Fire issued server command: /tplord_funion
[10:27:04] [Server thread/INFO]: Lord_Fire issued server command: /tp Lord funion
[10:27:04] [Server thread/INFO]: [Lord_Fire: The entity UUID provided is in an invalid format]
[10:27:25] [Server thread/INFO]: Lord_Fire issued server command: /tpLord_funion
[10:28:32] [Async Chat Thread - #0/INFO]: <Lord_Fire> are you here[m

[10:31:19] [Server thread/INFO]: Lord_Fire issued server command: /tp Lord_Funion
[10:31:19] [Server thread/INFO]: [Lord_Fire: The entity UUID provided is in an invalid format]
[10:31:56] [Server thread/INFO]: Lord_Fire issued server command: /tp to Lord_Funion
[10:31:56] [Server thread/INFO]: [Lord_Fire: The entity UUID provided is in an invalid format]
[10:32:59] [Server thread/INFO]: Lord_Fire issued server command: /tp Lord_funion
[10:32:59] [Server thread/INFO]: [Lord_Fire: The entity UUID provided is in an invalid format]
[10:37:19] [Server thread/INFO]: Lord_Fire issued server command: /tp Lord_funion
[10:37:19] [Server thread/INFO]: [Lord_Fire: The entity UUID provided is in an invalid format]
[10:37:30] [Server thread/INFO]: Lord_Fire issued server command: /help
[10:40:13] [Server thread/INFO]: Lord_Fire issued server command: /tpLord_funion
[10:47:11] [Server thread/INFO]: Lord_Fire issued server command: /spawnpoint
[10:47:11] [Server thread/INFO]: [Lord_Fire: Set Lord_Fire's spawn point to (-87, 77, 274)]
[11:40:14] [Server thread/INFO]: Lord_Fire lost connection: Disconnected
[11:40:14] [Server thread/INFO]: Lord_Fire left the game.
