[12-21 10:37:08]: [INFO] Created column 'regdate' and set the current timestamp, 1703173028713, to all 0 rows
[12-21 10:37:08]: [INFO] SQLite Setup finished
[12-21 10:37:08]: [INFO] No supported permissions system found! Permissions are disabled!
[12-21 10:37:08]: [WARN] WARNING! The protectInventory feature requires ProtocolLib! Disabling it...
[12-21 10:37:08]: [WARN] Note: Hooks.bungeecord is set to false but your server appears to be running in bungeecord mode (see your spigot.yml). In order to allow the datasource caching and the AuthMeBungee add-on to work properly you have to enable this option!
[12-21 10:37:08]: [INFO] AuthMe 5.6.0-SNAPSHOT build n.CUSTOM successfully enabled!
[12-21 10:37:09]: [INFO] Downloading GEO IP database, because the old database is older than 30 days or doesn't exist
[12-21 10:37:09]: [WARN] No MaxMind credentials found in the configuration file! GeoIp protections will be disabled.
[12-21 10:37:09]: [INFO] There is no newer GEO IP database uploaded to MaxMind. Using the old one for now.
[12-21 10:37:09]: [WARN] Could not download GeoLiteAPI database [FileNotFoundException]: plugins\AuthMe\GeoLite2-Country.mmdb (The system cannot find the file specified)
[12-21 10:37:09]: java.io.FileNotFoundException: plugins\AuthMe\GeoLite2-Country.mmdb (The system cannot find the file specified)
	at java.io.RandomAccessFile.open0(Native Method)
	at java.io.RandomAccessFile.open(RandomAccessFile.java:316)
	at java.io.RandomAccessFile.<init>(RandomAccessFile.java:243)
	at fr.xephi.authme.libs.com.maxmind.db.BufferHolder.<init>(BufferHolder.java:20)
	at fr.xephi.authme.libs.com.maxmind.db.Reader.<init>(Reader.java:121)
	at fr.xephi.authme.service.GeoIpService.startReading(GeoIpService.java:173)
	at fr.xephi.authme.service.GeoIpService.updateDatabase(GeoIpService.java:144)
	at org.bukkit.craftbukkit.v1_8_R3.scheduler.CraftTask.run(CraftTask.java:71)
	at org.bukkit.craftbukkit.v1_8_R3.scheduler.CraftAsyncTask.run(CraftAsyncTask.java:53)
	at java.util.concurrent.ThreadPoolExecutor.runWorker(ThreadPoolExecutor.java:1149)
	at java.util.concurrent.ThreadPoolExecutor$Worker.run(ThreadPoolExecutor.java:624)
	at java.lang.Thread.run(Thread.java:750)

[12-21 10:44:40]: [FINE] Lord_Funion registered 0:0:0:0:0:0:0:1
[12-21 10:44:40]: [FINE] Lord_Funion logged in 0:0:0:0:0:0:0:1
[12-21 10:45:06]: [FINE] Lord_Funion logged in 0:0:0:0:0:0:0:1
[12-21 10:45:23]: [FINE] Lord_Funion logged in 0:0:0:0:0:0:0:1
[12-21 10:45:43]: [FINE] Lord_Funion logged in 0:0:0:0:0:0:0:1
[12-21 10:46:37]: [FINE] Lord_Funion logged in 0:0:0:0:0:0:0:1
[12-21 10:48:52]: [FINE] Lord_Funion logged in 0:0:0:0:0:0:0:1
[12-21 10:55:32]: [INFO] SQLite Setup finished
[12-21 10:55:32]: [INFO] No supported permissions system found! Permissions are disabled!
[12-21 10:55:32]: [WARN] WARNING! The protectInventory feature requires ProtocolLib! Disabling it...
[12-21 10:55:32]: [WARN] Note: Hooks.bungeecord is set to false but your server appears to be running in bungeecord mode (see your spigot.yml). In order to allow the datasource caching and the AuthMeBungee add-on to work properly you have to enable this option!
[12-21 10:55:32]: [INFO] AuthMe 5.6.0-SNAPSHOT build n.CUSTOM successfully enabled!
[12-21 10:55:32]: [INFO] Downloading GEO IP database, because the old database is older than 30 days or doesn't exist
[12-21 10:55:32]: [WARN] No MaxMind credentials found in the configuration file! GeoIp protections will be disabled.
[12-21 10:55:32]: [INFO] There is no newer GEO IP database uploaded to MaxMind. Using the old one for now.
[12-21 10:55:32]: [WARN] Could not download GeoLiteAPI database [FileNotFoundException]: plugins\AuthMe\GeoLite2-Country.mmdb (The system cannot find the file specified)
[12-21 10:55:32]: java.io.FileNotFoundException: plugins\AuthMe\GeoLite2-Country.mmdb (The system cannot find the file specified)
	at java.io.RandomAccessFile.open0(Native Method)
	at java.io.RandomAccessFile.open(RandomAccessFile.java:316)
	at java.io.RandomAccessFile.<init>(RandomAccessFile.java:243)
	at fr.xephi.authme.libs.com.maxmind.db.BufferHolder.<init>(BufferHolder.java:20)
	at fr.xephi.authme.libs.com.maxmind.db.Reader.<init>(Reader.java:121)
	at fr.xephi.authme.service.GeoIpService.startReading(GeoIpService.java:173)
	at fr.xephi.authme.service.GeoIpService.updateDatabase(GeoIpService.java:144)
	at org.bukkit.craftbukkit.v1_8_R3.scheduler.CraftTask.run(CraftTask.java:71)
	at org.bukkit.craftbukkit.v1_8_R3.scheduler.CraftAsyncTask.run(CraftAsyncTask.java:53)
	at java.util.concurrent.ThreadPoolExecutor.runWorker(ThreadPoolExecutor.java:1149)
	at java.util.concurrent.ThreadPoolExecutor$Worker.run(ThreadPoolExecutor.java:624)
	at java.lang.Thread.run(Thread.java:750)

[12-21 10:58:49]: [FINE] Lord_Funion logged in 0:0:0:0:0:0:0:1
[12-21 11:02:46]: [FINE] Lord_Funion logged in 0:0:0:0:0:0:0:1
[12-21 11:03:09]: [FINE] Lord_Funion logged in 0:0:0:0:0:0:0:1
[12-21 11:05:27]: [FINE] Lord_Funion logged in 0:0:0:0:0:0:0:1
[12-21 11:05:52]: [FINE] Lord_Funion logged in 0:0:0:0:0:0:0:1
[12-21 11:14:46]: [FINE] Lord_Funion logged in 0:0:0:0:0:0:0:1
[12-21 11:27:18]: [FINE] Lord_Funion logged in 0:0:0:0:0:0:0:1
[12-21 11:28:51]: [FINE] Lord_Funion logged in 0:0:0:0:0:0:0:1
[12-21 11:29:12]: [FINE] Lord_Funion logged in 0:0:0:0:0:0:0:1
[12-21 18:49:00]: [INFO] SQLite Setup finished
[12-21 18:49:00]: [INFO] No supported permissions system found! Permissions are disabled!
[12-21 18:49:00]: [WARN] WARNING! The protectInventory feature requires ProtocolLib! Disabling it...
[12-21 18:49:00]: [WARN] Note: Hooks.bungeecord is set to false but your server appears to be running in bungeecord mode (see your spigot.yml). In order to allow the datasource caching and the AuthMeBungee add-on to work properly you have to enable this option!
[12-21 18:49:00]: [INFO] AuthMe 5.6.0-SNAPSHOT build n.CUSTOM successfully enabled!
[12-21 18:49:00]: [INFO] Downloading GEO IP database, because the old database is older than 30 days or doesn't exist
[12-21 18:49:00]: [WARN] No MaxMind credentials found in the configuration file! GeoIp protections will be disabled.
[12-21 18:49:00]: [INFO] There is no newer GEO IP database uploaded to MaxMind. Using the old one for now.
[12-21 18:49:00]: [WARN] Could not download GeoLiteAPI database [FileNotFoundException]: plugins\AuthMe\GeoLite2-Country.mmdb (The system cannot find the file specified)
[12-21 18:49:00]: java.io.FileNotFoundException: plugins\AuthMe\GeoLite2-Country.mmdb (The system cannot find the file specified)
	at java.io.RandomAccessFile.open0(Native Method)
	at java.io.RandomAccessFile.open(RandomAccessFile.java:316)
	at java.io.RandomAccessFile.<init>(RandomAccessFile.java:243)
	at fr.xephi.authme.libs.com.maxmind.db.BufferHolder.<init>(BufferHolder.java:20)
	at fr.xephi.authme.libs.com.maxmind.db.Reader.<init>(Reader.java:121)
	at fr.xephi.authme.service.GeoIpService.startReading(GeoIpService.java:173)
	at fr.xephi.authme.service.GeoIpService.updateDatabase(GeoIpService.java:144)
	at org.bukkit.craftbukkit.v1_8_R3.scheduler.CraftTask.run(CraftTask.java:71)
	at org.bukkit.craftbukkit.v1_8_R3.scheduler.CraftAsyncTask.run(CraftAsyncTask.java:53)
	at java.util.concurrent.ThreadPoolExecutor.runWorker(ThreadPoolExecutor.java:1149)
	at java.util.concurrent.ThreadPoolExecutor$Worker.run(ThreadPoolExecutor.java:624)
	at java.lang.Thread.run(Thread.java:750)

[12-21 18:59:27]: [FINE] Lord_Funion logged in 0:0:0:0:0:0:0:1
[12-22 09:59:33]: [FINE] Lord_Funion logged in 0:0:0:0:0:0:0:1
[12-22 10:51:04]: [FINE] Lord_Funion logged in 0:0:0:0:0:0:0:1
[12-22 10:59:42]: [FINE] Lord_Funion logged in 0:0:0:0:0:0:0:1
[12-22 13:58:56]: [INFO] SQLite Setup finished
[12-22 13:58:56]: [INFO] No supported permissions system found! Permissions are disabled!
[12-22 13:58:56]: [WARN] WARNING! The protectInventory feature requires ProtocolLib! Disabling it...
[12-22 13:58:56]: [WARN] Note: Hooks.bungeecord is set to false but your server appears to be running in bungeecord mode (see your spigot.yml). In order to allow the datasource caching and the AuthMeBungee add-on to work properly you have to enable this option!
[12-22 13:58:56]: [INFO] AuthMe 5.6.0-SNAPSHOT build n.CUSTOM successfully enabled!
[12-22 13:58:56]: [INFO] Downloading GEO IP database, because the old database is older than 30 days or doesn't exist
[12-22 13:58:56]: [WARN] No MaxMind credentials found in the configuration file! GeoIp protections will be disabled.
[12-22 13:58:56]: [INFO] There is no newer GEO IP database uploaded to MaxMind. Using the old one for now.
[12-22 13:58:56]: [WARN] Could not download GeoLiteAPI database [FileNotFoundException]: plugins\AuthMe\GeoLite2-Country.mmdb (The system cannot find the file specified)
[12-22 13:58:56]: java.io.FileNotFoundException: plugins\AuthMe\GeoLite2-Country.mmdb (The system cannot find the file specified)
	at java.io.RandomAccessFile.open0(Native Method)
	at java.io.RandomAccessFile.open(RandomAccessFile.java:316)
	at java.io.RandomAccessFile.<init>(RandomAccessFile.java:243)
	at fr.xephi.authme.libs.com.maxmind.db.BufferHolder.<init>(BufferHolder.java:20)
	at fr.xephi.authme.libs.com.maxmind.db.Reader.<init>(Reader.java:121)
	at fr.xephi.authme.service.GeoIpService.startReading(GeoIpService.java:173)
	at fr.xephi.authme.service.GeoIpService.updateDatabase(GeoIpService.java:144)
	at org.bukkit.craftbukkit.v1_8_R3.scheduler.CraftTask.run(CraftTask.java:71)
	at org.bukkit.craftbukkit.v1_8_R3.scheduler.CraftAsyncTask.run(CraftAsyncTask.java:53)
	at java.util.concurrent.ThreadPoolExecutor.runWorker(ThreadPoolExecutor.java:1149)
	at java.util.concurrent.ThreadPoolExecutor$Worker.run(ThreadPoolExecutor.java:624)
	at java.lang.Thread.run(Thread.java:750)

[12-22 13:59:53]: [INFO] SQLite Setup finished
[12-22 13:59:53]: [INFO] No supported permissions system found! Permissions are disabled!
[12-22 13:59:53]: [WARN] WARNING! The protectInventory feature requires ProtocolLib! Disabling it...
[12-22 13:59:53]: [WARN] Note: Hooks.bungeecord is set to false but your server appears to be running in bungeecord mode (see your spigot.yml). In order to allow the datasource caching and the AuthMeBungee add-on to work properly you have to enable this option!
[12-22 13:59:53]: [INFO] AuthMe 5.6.0-SNAPSHOT build n.CUSTOM successfully enabled!
[12-22 13:59:53]: [INFO] Downloading GEO IP database, because the old database is older than 30 days or doesn't exist
[12-22 13:59:53]: [WARN] No MaxMind credentials found in the configuration file! GeoIp protections will be disabled.
[12-22 13:59:53]: [INFO] There is no newer GEO IP database uploaded to MaxMind. Using the old one for now.
[12-22 13:59:53]: [WARN] Could not download GeoLiteAPI database [FileNotFoundException]: plugins\AuthMe\GeoLite2-Country.mmdb (The system cannot find the file specified)
[12-22 13:59:53]: java.io.FileNotFoundException: plugins\AuthMe\GeoLite2-Country.mmdb (The system cannot find the file specified)
	at java.io.RandomAccessFile.open0(Native Method)
	at java.io.RandomAccessFile.open(RandomAccessFile.java:316)
	at java.io.RandomAccessFile.<init>(RandomAccessFile.java:243)
	at fr.xephi.authme.libs.com.maxmind.db.BufferHolder.<init>(BufferHolder.java:20)
	at fr.xephi.authme.libs.com.maxmind.db.Reader.<init>(Reader.java:121)
	at fr.xephi.authme.service.GeoIpService.startReading(GeoIpService.java:173)
	at fr.xephi.authme.service.GeoIpService.updateDatabase(GeoIpService.java:144)
	at org.bukkit.craftbukkit.v1_8_R3.scheduler.CraftTask.run(CraftTask.java:71)
	at org.bukkit.craftbukkit.v1_8_R3.scheduler.CraftAsyncTask.run(CraftAsyncTask.java:53)
	at java.util.concurrent.ThreadPoolExecutor.runWorker(ThreadPoolExecutor.java:1149)
	at java.util.concurrent.ThreadPoolExecutor$Worker.run(ThreadPoolExecutor.java:624)
	at java.lang.Thread.run(Thread.java:750)

[12-22 14:02:55]: [FINE] Lord_Funion used the wrong password
[12-22 14:03:10]: [FINE] Lord_Funion logged in 0:0:0:0:0:0:0:1
[12-23 07:36:07]: [INFO] SQLite Setup finished
[12-23 07:36:07]: [INFO] No supported permissions system found! Permissions are disabled!
[12-23 07:36:07]: [WARN] WARNING! The protectInventory feature requires ProtocolLib! Disabling it...
[12-23 07:36:07]: [WARN] Note: Hooks.bungeecord is set to false but your server appears to be running in bungeecord mode (see your spigot.yml). In order to allow the datasource caching and the AuthMeBungee add-on to work properly you have to enable this option!
[12-23 07:36:07]: [INFO] AuthMe 5.6.0-SNAPSHOT build n.CUSTOM successfully enabled!
[12-23 07:36:07]: [INFO] Downloading GEO IP database, because the old database is older than 30 days or doesn't exist
[12-23 07:36:07]: [WARN] No MaxMind credentials found in the configuration file! GeoIp protections will be disabled.
[12-23 07:36:07]: [INFO] There is no newer GEO IP database uploaded to MaxMind. Using the old one for now.
[12-23 07:36:07]: [WARN] Could not download GeoLiteAPI database [FileNotFoundException]: plugins\AuthMe\GeoLite2-Country.mmdb (The system cannot find the file specified)
[12-23 07:36:07]: java.io.FileNotFoundException: plugins\AuthMe\GeoLite2-Country.mmdb (The system cannot find the file specified)
	at java.io.RandomAccessFile.open0(Native Method)
	at java.io.RandomAccessFile.open(RandomAccessFile.java:316)
	at java.io.RandomAccessFile.<init>(RandomAccessFile.java:243)
	at fr.xephi.authme.libs.com.maxmind.db.BufferHolder.<init>(BufferHolder.java:20)
	at fr.xephi.authme.libs.com.maxmind.db.Reader.<init>(Reader.java:121)
	at fr.xephi.authme.service.GeoIpService.startReading(GeoIpService.java:173)
	at fr.xephi.authme.service.GeoIpService.updateDatabase(GeoIpService.java:144)
	at org.bukkit.craftbukkit.v1_8_R3.scheduler.CraftTask.run(CraftTask.java:71)
	at org.bukkit.craftbukkit.v1_8_R3.scheduler.CraftAsyncTask.run(CraftAsyncTask.java:53)
	at java.util.concurrent.ThreadPoolExecutor.runWorker(ThreadPoolExecutor.java:1149)
	at java.util.concurrent.ThreadPoolExecutor$Worker.run(ThreadPoolExecutor.java:624)
	at java.lang.Thread.run(Thread.java:750)

[12-23 07:39:18]: [FINE] Lord_Funion logged in 0:0:0:0:0:0:0:1
[12-23 08:15:40]: [FINE] Lord_Fire registered 0:0:0:0:0:0:0:1
[12-23 08:15:40]: [FINE] The user Lord_Fire has 2 accounts:
[12-23 08:15:40]: [FINE] §7lord_funion, §aLord_Fire§7.
[12-23 08:15:40]: [FINE] Lord_Fire logged in 0:0:0:0:0:0:0:1
[12-23 08:17:09]: [FINE] The user Lord_Fire has 2 accounts:
[12-23 08:17:09]: [FINE] §7lord_funion, §aLord_Fire§7.
[12-23 08:17:09]: [FINE] Lord_Fire logged in 0:0:0:0:0:0:0:1
[12-23 08:21:21]: [FINE] The user Lord_Funion has 2 accounts:
[12-23 08:21:21]: [FINE] §7§aLord_Funion§7, §aLord_Fire§7.
[12-23 08:21:21]: [FINE] Lord_Funion logged in 0:0:0:0:0:0:0:1
[12-23 08:44:11]: [FINE] The user Lord_Fire has 2 accounts:
[12-23 08:44:11]: [FINE] §7§aLord_Funion§7, §aLord_Fire§7.
[12-23 08:44:11]: [FINE] Lord_Fire logged in 0:0:0:0:0:0:0:1
[12-23 09:20:49]: [FINE] The user Lord_Fire has 2 accounts:
[12-23 09:20:49]: [FINE] §7§aLord_Funion§7, §aLord_Fire§7.
[12-23 09:20:49]: [FINE] Lord_Fire logged in 0:0:0:0:0:0:0:1
[12-23 12:19:15]: [INFO] AuthMe 5.6.0-SNAPSHOT-bCUSTOM disabled!
[12-23 12:21:25]: [INFO] SQLite Setup finished
[12-23 12:21:25]: [INFO] No supported permissions system found! Permissions are disabled!
[12-23 12:21:25]: [WARN] WARNING! The protectInventory feature requires ProtocolLib! Disabling it...
[12-23 12:21:26]: [WARN] Note: Hooks.bungeecord is set to false but your server appears to be running in bungeecord mode (see your spigot.yml). In order to allow the datasource caching and the AuthMeBungee add-on to work properly you have to enable this option!
[12-23 12:21:26]: [INFO] AuthMe 5.6.0-SNAPSHOT build n.CUSTOM successfully enabled!
[12-23 12:21:26]: [INFO] Downloading GEO IP database, because the old database is older than 30 days or doesn't exist
[12-23 12:21:26]: [WARN] No MaxMind credentials found in the configuration file! GeoIp protections will be disabled.
[12-23 12:21:26]: [INFO] There is no newer GEO IP database uploaded to MaxMind. Using the old one for now.
[12-23 12:21:26]: [WARN] Could not download GeoLiteAPI database [FileNotFoundException]: plugins\AuthMe\GeoLite2-Country.mmdb (The system cannot find the file specified)
[12-23 12:21:26]: java.io.FileNotFoundException: plugins\AuthMe\GeoLite2-Country.mmdb (The system cannot find the file specified)
	at java.io.RandomAccessFile.open0(Native Method)
	at java.io.RandomAccessFile.open(RandomAccessFile.java:316)
	at java.io.RandomAccessFile.<init>(RandomAccessFile.java:243)
	at fr.xephi.authme.libs.com.maxmind.db.BufferHolder.<init>(BufferHolder.java:20)
	at fr.xephi.authme.libs.com.maxmind.db.Reader.<init>(Reader.java:121)
	at fr.xephi.authme.service.GeoIpService.startReading(GeoIpService.java:173)
	at fr.xephi.authme.service.GeoIpService.updateDatabase(GeoIpService.java:144)
	at org.bukkit.craftbukkit.v1_8_R3.scheduler.CraftTask.run(CraftTask.java:71)
	at org.bukkit.craftbukkit.v1_8_R3.scheduler.CraftAsyncTask.run(CraftAsyncTask.java:53)
	at java.util.concurrent.ThreadPoolExecutor.runWorker(ThreadPoolExecutor.java:1149)
	at java.util.concurrent.ThreadPoolExecutor$Worker.run(ThreadPoolExecutor.java:624)
	at java.lang.Thread.run(Thread.java:750)

[12-23 12:39:15]: [FINE] The user Lord_Funion has 2 accounts:
[12-23 12:39:15]: [FINE] §7§aLord_Funion§7, §aLord_Fire§7.
[12-23 12:39:15]: [FINE] Lord_Funion logged in 0:0:0:0:0:0:0:1
[12-23 12:40:48]: [FINE] The user Lord_Fire has 2 accounts:
[12-23 12:40:48]: [FINE] §7§aLord_Funion§7, §aLord_Fire§7.
[12-23 12:40:48]: [FINE] Lord_Fire logged in 0:0:0:0:0:0:0:1
[12-27 11:07:26]: [INFO] SQLite Setup finished
[12-27 11:07:26]: [INFO] No supported permissions system found! Permissions are disabled!
[12-27 11:07:26]: [WARN] WARNING! The protectInventory feature requires ProtocolLib! Disabling it...
[12-27 11:07:26]: [WARN] Note: Hooks.bungeecord is set to false but your server appears to be running in bungeecord mode (see your spigot.yml). In order to allow the datasource caching and the AuthMeBungee add-on to work properly you have to enable this option!
[12-27 11:07:26]: [INFO] AuthMe 5.6.0-SNAPSHOT build n.CUSTOM successfully enabled!
[12-27 11:07:26]: [INFO] Downloading GEO IP database, because the old database is older than 30 days or doesn't exist
[12-27 11:07:26]: [WARN] No MaxMind credentials found in the configuration file! GeoIp protections will be disabled.
[12-27 11:07:26]: [INFO] There is no newer GEO IP database uploaded to MaxMind. Using the old one for now.
[12-27 11:07:26]: [WARN] Could not download GeoLiteAPI database [FileNotFoundException]: plugins\AuthMe\GeoLite2-Country.mmdb (The system cannot find the file specified)
[12-27 11:07:26]: java.io.FileNotFoundException: plugins\AuthMe\GeoLite2-Country.mmdb (The system cannot find the file specified)
	at java.base/java.io.RandomAccessFile.open0(Native Method)
	at java.base/java.io.RandomAccessFile.open(RandomAccessFile.java:344)
	at java.base/java.io.RandomAccessFile.<init>(RandomAccessFile.java:259)
	at java.base/java.io.RandomAccessFile.<init>(RandomAccessFile.java:213)
	at fr.xephi.authme.libs.com.maxmind.db.BufferHolder.<init>(BufferHolder.java:20)
	at fr.xephi.authme.libs.com.maxmind.db.Reader.<init>(Reader.java:121)
	at fr.xephi.authme.service.GeoIpService.startReading(GeoIpService.java:173)
	at fr.xephi.authme.service.GeoIpService.updateDatabase(GeoIpService.java:144)
	at org.bukkit.craftbukkit.v1_8_R3.scheduler.CraftTask.run(CraftTask.java:71)
	at org.bukkit.craftbukkit.v1_8_R3.scheduler.CraftAsyncTask.run(CraftAsyncTask.java:53)
	at java.base/java.util.concurrent.ThreadPoolExecutor.runWorker(ThreadPoolExecutor.java:1136)
	at java.base/java.util.concurrent.ThreadPoolExecutor$Worker.run(ThreadPoolExecutor.java:635)
	at java.base/java.lang.Thread.run(Thread.java:833)

[12-27 11:10:51]: [INFO] SQLite Setup finished
[12-27 11:10:51]: [INFO] No supported permissions system found! Permissions are disabled!
[12-27 11:10:51]: [WARN] WARNING! The protectInventory feature requires ProtocolLib! Disabling it...
[12-27 11:10:51]: [WARN] Note: Hooks.bungeecord is set to false but your server appears to be running in bungeecord mode (see your spigot.yml). In order to allow the datasource caching and the AuthMeBungee add-on to work properly you have to enable this option!
[12-27 11:10:51]: [INFO] AuthMe 5.6.0-SNAPSHOT build n.CUSTOM successfully enabled!
[12-27 11:10:51]: [INFO] Downloading GEO IP database, because the old database is older than 30 days or doesn't exist
[12-27 11:10:51]: [WARN] No MaxMind credentials found in the configuration file! GeoIp protections will be disabled.
[12-27 11:10:51]: [INFO] There is no newer GEO IP database uploaded to MaxMind. Using the old one for now.
[12-27 11:10:51]: [WARN] Could not download GeoLiteAPI database [FileNotFoundException]: plugins\AuthMe\GeoLite2-Country.mmdb (The system cannot find the file specified)
[12-27 11:10:51]: java.io.FileNotFoundException: plugins\AuthMe\GeoLite2-Country.mmdb (The system cannot find the file specified)
	at java.base/java.io.RandomAccessFile.open0(Native Method)
	at java.base/java.io.RandomAccessFile.open(RandomAccessFile.java:344)
	at java.base/java.io.RandomAccessFile.<init>(RandomAccessFile.java:259)
	at java.base/java.io.RandomAccessFile.<init>(RandomAccessFile.java:213)
	at fr.xephi.authme.libs.com.maxmind.db.BufferHolder.<init>(BufferHolder.java:20)
	at fr.xephi.authme.libs.com.maxmind.db.Reader.<init>(Reader.java:121)
	at fr.xephi.authme.service.GeoIpService.startReading(GeoIpService.java:173)
	at fr.xephi.authme.service.GeoIpService.updateDatabase(GeoIpService.java:144)
	at org.bukkit.craftbukkit.v1_8_R3.scheduler.CraftTask.run(CraftTask.java:71)
	at org.bukkit.craftbukkit.v1_8_R3.scheduler.CraftAsyncTask.run(CraftAsyncTask.java:53)
	at java.base/java.util.concurrent.ThreadPoolExecutor.runWorker(ThreadPoolExecutor.java:1136)
	at java.base/java.util.concurrent.ThreadPoolExecutor$Worker.run(ThreadPoolExecutor.java:635)
	at java.base/java.lang.Thread.run(Thread.java:833)

[12-27 11:17:45]: [FINE] The user Lord_Funion has 2 accounts:
[12-27 11:17:45]: [FINE] §7§aLord_Funion§7, lord_fire.
[12-27 11:17:45]: [FINE] Lord_Funion logged in 0:0:0:0:0:0:0:1
[12-27 11:43:39]: [FINE] Lord_Fire used the wrong password
[12-27 12:37:23]: [FINE] The user Lord_Fire has 2 accounts:
[12-27 12:37:23]: [FINE] §7lord_funion, §aLord_Fire§7.
[12-27 12:37:23]: [FINE] Lord_Fire logged in 0:0:0:0:0:0:0:1
[12-27 12:52:45]: [FINE] The user Lord_Funion has 2 accounts:
[12-27 12:52:45]: [FINE] §7§aLord_Funion§7, §aLord_Fire§7.
[12-27 12:52:45]: [FINE] Lord_Funion logged in 0:0:0:0:0:0:0:1
[12-27 14:27:15]: [FINE] The user Lord_Funion has 2 accounts:
[12-27 14:27:15]: [FINE] §7§aLord_Funion§7, §aLord_Fire§7.
[12-27 14:27:15]: [FINE] Lord_Funion logged in 0:0:0:0:0:0:0:1
[12-29 12:18:38]: [INFO] AuthMe 5.6.0-SNAPSHOT-bCUSTOM disabled!
[12-29 12:30:23]: [INFO] SQLite Setup finished
[12-29 12:30:23]: [INFO] No supported permissions system found! Permissions are disabled!
[12-29 12:30:25]: [WARN] WARNING! The protectInventory feature requires ProtocolLib! Disabling it...
[12-29 12:30:25]: [WARN] Note: Hooks.bungeecord is set to false but your server appears to be running in bungeecord mode (see your spigot.yml). In order to allow the datasource caching and the AuthMeBungee add-on to work properly you have to enable this option!
[12-29 12:30:25]: [INFO] AuthMe 5.6.0-SNAPSHOT build n.CUSTOM successfully enabled!
[12-29 12:30:25]: [INFO] Downloading GEO IP database, because the old database is older than 30 days or doesn't exist
[12-29 12:30:25]: [WARN] No MaxMind credentials found in the configuration file! GeoIp protections will be disabled.
[12-29 12:30:25]: [INFO] There is no newer GEO IP database uploaded to MaxMind. Using the old one for now.
[12-29 12:30:25]: [WARN] Could not download GeoLiteAPI database [FileNotFoundException]: plugins\AuthMe\GeoLite2-Country.mmdb (The system cannot find the file specified)
[12-29 12:30:25]: java.io.FileNotFoundException: plugins\AuthMe\GeoLite2-Country.mmdb (The system cannot find the file specified)
	at java.base/java.io.RandomAccessFile.open0(Native Method)
	at java.base/java.io.RandomAccessFile.open(RandomAccessFile.java:344)
	at java.base/java.io.RandomAccessFile.<init>(RandomAccessFile.java:259)
	at java.base/java.io.RandomAccessFile.<init>(RandomAccessFile.java:213)
	at fr.xephi.authme.libs.com.maxmind.db.BufferHolder.<init>(BufferHolder.java:20)
	at fr.xephi.authme.libs.com.maxmind.db.Reader.<init>(Reader.java:121)
	at fr.xephi.authme.service.GeoIpService.startReading(GeoIpService.java:173)
	at fr.xephi.authme.service.GeoIpService.updateDatabase(GeoIpService.java:144)
	at org.bukkit.craftbukkit.v1_8_R3.scheduler.CraftTask.run(CraftTask.java:71)
	at org.bukkit.craftbukkit.v1_8_R3.scheduler.CraftAsyncTask.run(CraftAsyncTask.java:53)
	at java.base/java.util.concurrent.ThreadPoolExecutor.runWorker(ThreadPoolExecutor.java:1136)
	at java.base/java.util.concurrent.ThreadPoolExecutor$Worker.run(ThreadPoolExecutor.java:635)
	at java.base/java.lang.Thread.run(Thread.java:833)

[12-29 12:41:13]: [FINE] The user Lord_Funion has 2 accounts:
[12-29 12:41:13]: [FINE] §7§aLord_Funion§7, lord_fire.
[12-29 12:41:13]: [FINE] Lord_Funion logged in 0:0:0:0:0:0:0:1
[12-29 13:18:01]: [FINE] The user Lord_Fire has 2 accounts:
[12-29 13:18:01]: [FINE] §7§aLord_Funion§7, §aLord_Fire§7.
[12-29 13:18:02]: [FINE] Lord_Fire logged in 0:0:0:0:0:0:0:1
[12-29 16:28:27]: [FINE] The user Lord_Funion has 2 accounts:
[12-29 16:28:27]: [FINE] §7§aLord_Funion§7, §aLord_Fire§7.
[12-29 16:28:27]: [FINE] Lord_Funion logged in 0:0:0:0:0:0:0:1
[12-29 16:29:08]: [FINE] The user Lord_Fire has 2 accounts:
[12-29 16:29:08]: [FINE] §7§aLord_Funion§7, §aLord_Fire§7.
[12-29 16:29:08]: [FINE] Lord_Fire logged in 0:0:0:0:0:0:0:1
[12-31 14:37:59]: [INFO] AuthMe 5.6.0-SNAPSHOT-bCUSTOM disabled!
[12-31 14:38:03]: [INFO] SQLite Setup finished
[12-31 14:38:04]: [INFO] No supported permissions system found! Permissions are disabled!
[12-31 14:38:04]: [WARN] WARNING! The protectInventory feature requires ProtocolLib! Disabling it...
[12-31 14:38:04]: [WARN] Note: Hooks.bungeecord is set to false but your server appears to be running in bungeecord mode (see your spigot.yml). In order to allow the datasource caching and the AuthMeBungee add-on to work properly you have to enable this option!
[12-31 14:38:04]: [INFO] AuthMe 5.6.0-SNAPSHOT build n.CUSTOM successfully enabled!
[12-31 14:38:05]: [INFO] Downloading GEO IP database, because the old database is older than 30 days or doesn't exist
[12-31 14:38:05]: [WARN] No MaxMind credentials found in the configuration file! GeoIp protections will be disabled.
[12-31 14:38:05]: [INFO] There is no newer GEO IP database uploaded to MaxMind. Using the old one for now.
[12-31 14:38:05]: [WARN] Could not download GeoLiteAPI database [FileNotFoundException]: plugins\AuthMe\GeoLite2-Country.mmdb (The system cannot find the file specified)
[12-31 14:38:05]: java.io.FileNotFoundException: plugins\AuthMe\GeoLite2-Country.mmdb (The system cannot find the file specified)
	at java.base/java.io.RandomAccessFile.open0(Native Method)
	at java.base/java.io.RandomAccessFile.open(RandomAccessFile.java:344)
	at java.base/java.io.RandomAccessFile.<init>(RandomAccessFile.java:259)
	at java.base/java.io.RandomAccessFile.<init>(RandomAccessFile.java:213)
	at fr.xephi.authme.libs.com.maxmind.db.BufferHolder.<init>(BufferHolder.java:20)
	at fr.xephi.authme.libs.com.maxmind.db.Reader.<init>(Reader.java:121)
	at fr.xephi.authme.service.GeoIpService.startReading(GeoIpService.java:173)
	at fr.xephi.authme.service.GeoIpService.updateDatabase(GeoIpService.java:144)
	at org.bukkit.craftbukkit.v1_8_R3.scheduler.CraftTask.run(CraftTask.java:71)
	at org.bukkit.craftbukkit.v1_8_R3.scheduler.CraftAsyncTask.run(CraftAsyncTask.java:53)
	at java.base/java.util.concurrent.ThreadPoolExecutor.runWorker(ThreadPoolExecutor.java:1136)
	at java.base/java.util.concurrent.ThreadPoolExecutor$Worker.run(ThreadPoolExecutor.java:635)
	at java.base/java.lang.Thread.run(Thread.java:833)

[12-31 14:38:24]: [INFO] AuthMe 5.6.0-SNAPSHOT-bCUSTOM disabled!
[12-31 14:41:16]: [INFO] SQLite Setup finished
[12-31 14:41:16]: [INFO] No supported permissions system found! Permissions are disabled!
[12-31 14:41:16]: [WARN] WARNING! The protectInventory feature requires ProtocolLib! Disabling it...
[12-31 14:41:16]: [WARN] Note: Hooks.bungeecord is set to false but your server appears to be running in bungeecord mode (see your spigot.yml). In order to allow the datasource caching and the AuthMeBungee add-on to work properly you have to enable this option!
[12-31 14:41:16]: [INFO] AuthMe 5.6.0-SNAPSHOT build n.CUSTOM successfully enabled!
[12-31 14:41:17]: [INFO] Downloading GEO IP database, because the old database is older than 30 days or doesn't exist
[12-31 14:41:17]: [WARN] No MaxMind credentials found in the configuration file! GeoIp protections will be disabled.
[12-31 14:41:17]: [INFO] There is no newer GEO IP database uploaded to MaxMind. Using the old one for now.
[12-31 14:41:17]: [WARN] Could not download GeoLiteAPI database [FileNotFoundException]: plugins\AuthMe\GeoLite2-Country.mmdb (The system cannot find the file specified)
[12-31 14:41:17]: java.io.FileNotFoundException: plugins\AuthMe\GeoLite2-Country.mmdb (The system cannot find the file specified)
	at java.base/java.io.RandomAccessFile.open0(Native Method)
	at java.base/java.io.RandomAccessFile.open(RandomAccessFile.java:344)
	at java.base/java.io.RandomAccessFile.<init>(RandomAccessFile.java:259)
	at java.base/java.io.RandomAccessFile.<init>(RandomAccessFile.java:213)
	at fr.xephi.authme.libs.com.maxmind.db.BufferHolder.<init>(BufferHolder.java:20)
	at fr.xephi.authme.libs.com.maxmind.db.Reader.<init>(Reader.java:121)
	at fr.xephi.authme.service.GeoIpService.startReading(GeoIpService.java:173)
	at fr.xephi.authme.service.GeoIpService.updateDatabase(GeoIpService.java:144)
	at org.bukkit.craftbukkit.v1_8_R3.scheduler.CraftTask.run(CraftTask.java:71)
	at org.bukkit.craftbukkit.v1_8_R3.scheduler.CraftAsyncTask.run(CraftAsyncTask.java:53)
	at java.base/java.util.concurrent.ThreadPoolExecutor.runWorker(ThreadPoolExecutor.java:1136)
	at java.base/java.util.concurrent.ThreadPoolExecutor$Worker.run(ThreadPoolExecutor.java:635)
	at java.base/java.lang.Thread.run(Thread.java:833)

[12-31 15:45:25]: [FINE] The user Lord_Funion has 2 accounts:
[12-31 15:45:25]: [FINE] §7§aLord_Funion§7, lord_fire.
[12-31 15:45:25]: [FINE] Lord_Funion logged in 0:0:0:0:0:0:0:1
[01-02 15:41:23]: [FINE] The user Lord_Funion has 2 accounts:
[01-02 15:41:23]: [FINE] §7§aLord_Funion§7, lord_fire.
[01-02 15:41:23]: [FINE] Lord_Funion logged in 0:0:0:0:0:0:0:1
[01-02 17:16:55]: [FINE] Lord_Funion used the wrong password
[01-02 17:17:25]: [FINE] The user Lord_Funion has 2 accounts:
[01-02 17:17:25]: [FINE] §7§aLord_Funion§7, lord_fire.
[01-02 17:17:25]: [FINE] Lord_Funion logged in 0:0:0:0:0:0:0:1
[01-04 07:52:21]: [INFO] SQLite Setup finished
[01-04 07:52:21]: [INFO] No supported permissions system found! Permissions are disabled!
[01-04 07:52:25]: [WARN] WARNING! The protectInventory feature requires ProtocolLib! Disabling it...
[01-04 07:52:26]: [WARN] Note: Hooks.bungeecord is set to false but your server appears to be running in bungeecord mode (see your spigot.yml). In order to allow the datasource caching and the AuthMeBungee add-on to work properly you have to enable this option!
[01-04 07:52:26]: [INFO] AuthMe 5.6.0-SNAPSHOT build n.CUSTOM successfully enabled!
[01-04 07:52:28]: [INFO] Downloading GEO IP database, because the old database is older than 30 days or doesn't exist
[01-04 07:52:28]: [WARN] No MaxMind credentials found in the configuration file! GeoIp protections will be disabled.
[01-04 07:52:28]: [INFO] There is no newer GEO IP database uploaded to MaxMind. Using the old one for now.
[01-04 07:52:28]: [WARN] Could not download GeoLiteAPI database [FileNotFoundException]: plugins\AuthMe\GeoLite2-Country.mmdb (The system cannot find the file specified)
[01-04 07:52:28]: java.io.FileNotFoundException: plugins\AuthMe\GeoLite2-Country.mmdb (The system cannot find the file specified)
	at java.base/java.io.RandomAccessFile.open0(Native Method)
	at java.base/java.io.RandomAccessFile.open(RandomAccessFile.java:344)
	at java.base/java.io.RandomAccessFile.<init>(RandomAccessFile.java:259)
	at java.base/java.io.RandomAccessFile.<init>(RandomAccessFile.java:213)
	at fr.xephi.authme.libs.com.maxmind.db.BufferHolder.<init>(BufferHolder.java:20)
	at fr.xephi.authme.libs.com.maxmind.db.Reader.<init>(Reader.java:121)
	at fr.xephi.authme.service.GeoIpService.startReading(GeoIpService.java:173)
	at fr.xephi.authme.service.GeoIpService.updateDatabase(GeoIpService.java:144)
	at org.bukkit.craftbukkit.v1_8_R3.scheduler.CraftTask.run(CraftTask.java:71)
	at org.bukkit.craftbukkit.v1_8_R3.scheduler.CraftAsyncTask.run(CraftAsyncTask.java:53)
	at java.base/java.util.concurrent.ThreadPoolExecutor.runWorker(ThreadPoolExecutor.java:1136)
	at java.base/java.util.concurrent.ThreadPoolExecutor$Worker.run(ThreadPoolExecutor.java:635)
	at java.base/java.lang.Thread.run(Thread.java:833)

[01-04 07:53:24]: [FINE] The user Lord_Funion has 2 accounts:
[01-04 07:53:24]: [FINE] §7§aLord_Funion§7, lord_fire.
[01-04 07:53:28]: [FINE] Lord_Funion logged in 0:0:0:0:0:0:0:1
[01-04 11:23:18]: [INFO] AuthMe 5.6.0-SNAPSHOT-bCUSTOM disabled!
[01-05 08:29:27]: [INFO] SQLite Setup finished
[01-05 08:29:27]: [INFO] No supported permissions system found! Permissions are disabled!
[01-05 08:29:28]: [WARN] WARNING! The protectInventory feature requires ProtocolLib! Disabling it...
[01-05 08:29:28]: [WARN] Note: Hooks.bungeecord is set to false but your server appears to be running in bungeecord mode (see your spigot.yml). In order to allow the datasource caching and the AuthMeBungee add-on to work properly you have to enable this option!
[01-05 08:29:28]: [INFO] AuthMe 5.6.0-SNAPSHOT build n.CUSTOM successfully enabled!
[01-05 08:29:29]: [INFO] Downloading GEO IP database, because the old database is older than 30 days or doesn't exist
[01-05 08:29:29]: [WARN] No MaxMind credentials found in the configuration file! GeoIp protections will be disabled.
[01-05 08:29:29]: [INFO] There is no newer GEO IP database uploaded to MaxMind. Using the old one for now.
[01-05 08:29:29]: [WARN] Could not download GeoLiteAPI database [FileNotFoundException]: plugins\AuthMe\GeoLite2-Country.mmdb (The system cannot find the file specified)
[01-05 08:29:29]: java.io.FileNotFoundException: plugins\AuthMe\GeoLite2-Country.mmdb (The system cannot find the file specified)
	at java.base/java.io.RandomAccessFile.open0(Native Method)
	at java.base/java.io.RandomAccessFile.open(RandomAccessFile.java:344)
	at java.base/java.io.RandomAccessFile.<init>(RandomAccessFile.java:259)
	at java.base/java.io.RandomAccessFile.<init>(RandomAccessFile.java:213)
	at fr.xephi.authme.libs.com.maxmind.db.BufferHolder.<init>(BufferHolder.java:20)
	at fr.xephi.authme.libs.com.maxmind.db.Reader.<init>(Reader.java:121)
	at fr.xephi.authme.service.GeoIpService.startReading(GeoIpService.java:173)
	at fr.xephi.authme.service.GeoIpService.updateDatabase(GeoIpService.java:144)
	at org.bukkit.craftbukkit.v1_8_R3.scheduler.CraftTask.run(CraftTask.java:71)
	at org.bukkit.craftbukkit.v1_8_R3.scheduler.CraftAsyncTask.run(CraftAsyncTask.java:53)
	at java.base/java.util.concurrent.ThreadPoolExecutor.runWorker(ThreadPoolExecutor.java:1136)
	at java.base/java.util.concurrent.ThreadPoolExecutor$Worker.run(ThreadPoolExecutor.java:635)
	at java.base/java.lang.Thread.run(Thread.java:833)

[01-05 08:32:05]: [FINE] The user Lord_Funion has 2 accounts:
[01-05 08:32:05]: [FINE] §7§aLord_Funion§7, lord_fire.
[01-05 08:32:05]: [FINE] Lord_Funion logged in 0:0:0:0:0:0:0:1
[01-05 08:59:11]: [FINE] The user Lord_Funion has 2 accounts:
[01-05 08:59:11]: [FINE] §7§aLord_Funion§7, lord_fire.
[01-05 08:59:11]: [FINE] Lord_Funion logged in 0:0:0:0:0:0:0:1
[01-05 09:09:44]: [FINE] The user Lord_Funion has 2 accounts:
[01-05 09:09:44]: [FINE] §7§aLord_Funion§7, lord_fire.
[01-05 09:09:44]: [FINE] Lord_Funion logged in 0:0:0:0:0:0:0:1
[01-05 10:00:24]: [FINE] The user Lord_Funion has 2 accounts:
[01-05 10:00:24]: [FINE] §7§aLord_Funion§7, lord_fire.
[01-05 10:00:24]: [FINE] Lord_Funion logged in 0:0:0:0:0:0:0:1
[01-05 10:07:21]: [FINE] big_mirror12 registered 0:0:0:0:0:0:0:1
[01-05 10:07:21]: [FINE] The user big_mirror12 has 3 accounts:
[01-05 10:07:21]: [FINE] §7§aLord_Funion§7, lord_fire, §abig_mirror12§7.
[01-05 10:07:21]: [FINE] big_mirror12 logged in 0:0:0:0:0:0:0:1
[01-05 11:18:25]: [FINE] The user Lord_Funion has 3 accounts:
[01-05 11:18:25]: [FINE] §7§aLord_Funion§7, lord_fire, big_mirror12.
[01-05 11:18:25]: [FINE] Lord_Funion logged in 0:0:0:0:0:0:0:1
[01-05 12:43:38]: [FINE] The user Lord_Funion has 3 accounts:
[01-05 12:43:38]: [FINE] §7§aLord_Funion§7, lord_fire, big_mirror12.
[01-05 12:43:38]: [FINE] Lord_Funion logged in 0:0:0:0:0:0:0:1
[01-05 12:46:11]: [FINE] The user big_mirror12 has 3 accounts:
[01-05 12:46:11]: [FINE] §7§aLord_Funion§7, lord_fire, §abig_mirror12§7.
[01-05 12:46:11]: [FINE] big_mirror12 logged in 0:0:0:0:0:0:0:1
[01-08 08:02:56]: [INFO] AuthMe 5.6.0-SNAPSHOT-bCUSTOM disabled!
[01-08 08:07:25]: [INFO] SQLite Setup finished
[01-08 08:07:26]: [INFO] No supported permissions system found! Permissions are disabled!
[01-08 08:07:26]: [WARN] WARNING! The protectInventory feature requires ProtocolLib! Disabling it...
[01-08 08:07:27]: [WARN] Note: Hooks.bungeecord is set to false but your server appears to be running in bungeecord mode (see your spigot.yml). In order to allow the datasource caching and the AuthMeBungee add-on to work properly you have to enable this option!
[01-08 08:07:27]: [INFO] AuthMe 5.6.0-SNAPSHOT build n.CUSTOM successfully enabled!
[01-08 08:07:27]: [INFO] Downloading GEO IP database, because the old database is older than 30 days or doesn't exist
[01-08 08:07:27]: [WARN] No MaxMind credentials found in the configuration file! GeoIp protections will be disabled.
[01-08 08:07:27]: [INFO] There is no newer GEO IP database uploaded to MaxMind. Using the old one for now.
[01-08 08:07:27]: [WARN] Could not download GeoLiteAPI database [FileNotFoundException]: plugins\AuthMe\GeoLite2-Country.mmdb (The system cannot find the file specified)
[01-08 08:07:27]: java.io.FileNotFoundException: plugins\AuthMe\GeoLite2-Country.mmdb (The system cannot find the file specified)
	at java.base/java.io.RandomAccessFile.open0(Native Method)
	at java.base/java.io.RandomAccessFile.open(RandomAccessFile.java:344)
	at java.base/java.io.RandomAccessFile.<init>(RandomAccessFile.java:259)
	at java.base/java.io.RandomAccessFile.<init>(RandomAccessFile.java:213)
	at fr.xephi.authme.libs.com.maxmind.db.BufferHolder.<init>(BufferHolder.java:20)
	at fr.xephi.authme.libs.com.maxmind.db.Reader.<init>(Reader.java:121)
	at fr.xephi.authme.service.GeoIpService.startReading(GeoIpService.java:173)
	at fr.xephi.authme.service.GeoIpService.updateDatabase(GeoIpService.java:144)
	at org.bukkit.craftbukkit.v1_8_R3.scheduler.CraftTask.run(CraftTask.java:71)
	at org.bukkit.craftbukkit.v1_8_R3.scheduler.CraftAsyncTask.run(CraftAsyncTask.java:53)
	at java.base/java.util.concurrent.ThreadPoolExecutor.runWorker(ThreadPoolExecutor.java:1136)
	at java.base/java.util.concurrent.ThreadPoolExecutor$Worker.run(ThreadPoolExecutor.java:635)
	at java.base/java.lang.Thread.run(Thread.java:833)

[01-11 17:11:36]: [INFO] SQLite Setup finished
[01-11 17:11:36]: [INFO] No supported permissions system found! Permissions are disabled!
[01-11 17:11:37]: [WARN] WARNING! The protectInventory feature requires ProtocolLib! Disabling it...
[01-11 17:11:38]: [WARN] Note: Hooks.bungeecord is set to false but your server appears to be running in bungeecord mode (see your spigot.yml). In order to allow the datasource caching and the AuthMeBungee add-on to work properly you have to enable this option!
[01-11 17:11:38]: [INFO] AuthMe 5.6.0-SNAPSHOT build n.CUSTOM successfully enabled!
[01-11 17:11:39]: [INFO] Downloading GEO IP database, because the old database is older than 30 days or doesn't exist
[01-11 17:11:40]: [WARN] No MaxMind credentials found in the configuration file! GeoIp protections will be disabled.
[01-11 17:11:40]: [INFO] There is no newer GEO IP database uploaded to MaxMind. Using the old one for now.
[01-11 17:11:40]: [WARN] Could not download GeoLiteAPI database [FileNotFoundException]: plugins\AuthMe\GeoLite2-Country.mmdb (The system cannot find the file specified)
[01-11 17:11:40]: java.io.FileNotFoundException: plugins\AuthMe\GeoLite2-Country.mmdb (The system cannot find the file specified)
	at java.base/java.io.RandomAccessFile.open0(Native Method)
	at java.base/java.io.RandomAccessFile.open(RandomAccessFile.java:344)
	at java.base/java.io.RandomAccessFile.<init>(RandomAccessFile.java:259)
	at java.base/java.io.RandomAccessFile.<init>(RandomAccessFile.java:213)
	at fr.xephi.authme.libs.com.maxmind.db.BufferHolder.<init>(BufferHolder.java:20)
	at fr.xephi.authme.libs.com.maxmind.db.Reader.<init>(Reader.java:121)
	at fr.xephi.authme.service.GeoIpService.startReading(GeoIpService.java:173)
	at fr.xephi.authme.service.GeoIpService.updateDatabase(GeoIpService.java:144)
	at org.bukkit.craftbukkit.v1_8_R3.scheduler.CraftTask.run(CraftTask.java:71)
	at org.bukkit.craftbukkit.v1_8_R3.scheduler.CraftAsyncTask.run(CraftAsyncTask.java:53)
	at java.base/java.util.concurrent.ThreadPoolExecutor.runWorker(ThreadPoolExecutor.java:1136)
	at java.base/java.util.concurrent.ThreadPoolExecutor$Worker.run(ThreadPoolExecutor.java:635)
	at java.base/java.lang.Thread.run(Thread.java:833)

[01-11 17:14:16]: [FINE] The user Lord_Funion has 3 accounts:
[01-11 17:14:16]: [FINE] §7§aLord_Funion§7, lord_fire, big_mirror12.
[01-11 17:14:16]: [FINE] Lord_Funion logged in 0:0:0:0:0:0:0:1
[01-20 10:07:39]: [INFO] SQLite Setup finished
[01-20 10:07:40]: [INFO] No supported permissions system found! Permissions are disabled!
[01-20 10:07:40]: [WARN] WARNING! The protectInventory feature requires ProtocolLib! Disabling it...
[01-20 10:07:41]: [WARN] Note: Hooks.bungeecord is set to false but your server appears to be running in bungeecord mode (see your spigot.yml). In order to allow the datasource caching and the AuthMeBungee add-on to work properly you have to enable this option!
[01-20 10:07:41]: [INFO] AuthMe 5.6.0-SNAPSHOT build n.CUSTOM successfully enabled!
[01-20 10:07:41]: [INFO] Downloading GEO IP database, because the old database is older than 30 days or doesn't exist
[01-20 10:07:41]: [WARN] No MaxMind credentials found in the configuration file! GeoIp protections will be disabled.
[01-20 10:07:41]: [INFO] There is no newer GEO IP database uploaded to MaxMind. Using the old one for now.
[01-20 10:07:41]: [WARN] Could not download GeoLiteAPI database [FileNotFoundException]: plugins\AuthMe\GeoLite2-Country.mmdb (The system cannot find the file specified)
[01-20 10:07:41]: java.io.FileNotFoundException: plugins\AuthMe\GeoLite2-Country.mmdb (The system cannot find the file specified)
	at java.base/java.io.RandomAccessFile.open0(Native Method)
	at java.base/java.io.RandomAccessFile.open(RandomAccessFile.java:344)
	at java.base/java.io.RandomAccessFile.<init>(RandomAccessFile.java:259)
	at java.base/java.io.RandomAccessFile.<init>(RandomAccessFile.java:213)
	at fr.xephi.authme.libs.com.maxmind.db.BufferHolder.<init>(BufferHolder.java:20)
	at fr.xephi.authme.libs.com.maxmind.db.Reader.<init>(Reader.java:121)
	at fr.xephi.authme.service.GeoIpService.startReading(GeoIpService.java:173)
	at fr.xephi.authme.service.GeoIpService.updateDatabase(GeoIpService.java:144)
	at org.bukkit.craftbukkit.v1_8_R3.scheduler.CraftTask.run(CraftTask.java:71)
	at org.bukkit.craftbukkit.v1_8_R3.scheduler.CraftAsyncTask.run(CraftAsyncTask.java:53)
	at java.base/java.util.concurrent.ThreadPoolExecutor.runWorker(ThreadPoolExecutor.java:1136)
	at java.base/java.util.concurrent.ThreadPoolExecutor$Worker.run(ThreadPoolExecutor.java:635)
	at java.base/java.lang.Thread.run(Thread.java:833)

[01-20 10:08:28]: [INFO] SQLite Setup finished
[01-20 10:08:29]: [INFO] No supported permissions system found! Permissions are disabled!
[01-20 10:08:29]: [WARN] WARNING! The protectInventory feature requires ProtocolLib! Disabling it...
[01-20 10:08:29]: [WARN] Note: Hooks.bungeecord is set to false but your server appears to be running in bungeecord mode (see your spigot.yml). In order to allow the datasource caching and the AuthMeBungee add-on to work properly you have to enable this option!
[01-20 10:08:29]: [INFO] AuthMe 5.6.0-SNAPSHOT build n.CUSTOM successfully enabled!
[01-20 10:08:29]: [INFO] Downloading GEO IP database, because the old database is older than 30 days or doesn't exist
[01-20 10:08:29]: [WARN] No MaxMind credentials found in the configuration file! GeoIp protections will be disabled.
[01-20 10:08:29]: [INFO] There is no newer GEO IP database uploaded to MaxMind. Using the old one for now.
[01-20 10:08:29]: [WARN] Could not download GeoLiteAPI database [FileNotFoundException]: plugins\AuthMe\GeoLite2-Country.mmdb (The system cannot find the file specified)
[01-20 10:08:29]: java.io.FileNotFoundException: plugins\AuthMe\GeoLite2-Country.mmdb (The system cannot find the file specified)
	at java.base/java.io.RandomAccessFile.open0(Native Method)
	at java.base/java.io.RandomAccessFile.open(RandomAccessFile.java:344)
	at java.base/java.io.RandomAccessFile.<init>(RandomAccessFile.java:259)
	at java.base/java.io.RandomAccessFile.<init>(RandomAccessFile.java:213)
	at fr.xephi.authme.libs.com.maxmind.db.BufferHolder.<init>(BufferHolder.java:20)
	at fr.xephi.authme.libs.com.maxmind.db.Reader.<init>(Reader.java:121)
	at fr.xephi.authme.service.GeoIpService.startReading(GeoIpService.java:173)
	at fr.xephi.authme.service.GeoIpService.updateDatabase(GeoIpService.java:144)
	at org.bukkit.craftbukkit.v1_8_R3.scheduler.CraftTask.run(CraftTask.java:71)
	at org.bukkit.craftbukkit.v1_8_R3.scheduler.CraftAsyncTask.run(CraftAsyncTask.java:53)
	at java.base/java.util.concurrent.ThreadPoolExecutor.runWorker(ThreadPoolExecutor.java:1136)
	at java.base/java.util.concurrent.ThreadPoolExecutor$Worker.run(ThreadPoolExecutor.java:635)
	at java.base/java.lang.Thread.run(Thread.java:833)

[01-20 10:14:45]: [FINE] Lord_Fire used the wrong password
[01-20 10:15:17]: [FINE] The user Lord_Fire has 3 accounts:
[01-20 10:15:17]: [FINE] §7lord_funion, §aLord_Fire§7, big_mirror12.
[01-20 10:15:17]: [FINE] Lord_Fire logged in 0:0:0:0:0:0:0:1
